<?xml version="1.0" encoding="UTF-8"?>
<testng-results skipped="0" failed="0" ignored="0" total="1" passed="1">
  <reporter-output>
  </reporter-output>
  <suite name="Default suite" duration-ms="41" started-at="2020-08-28T14:38:13 EDT" finished-at="2020-08-28T14:38:13 EDT">
    <groups>
    </groups>
    <test name="Default test" duration-ms="41" started-at="2020-08-28T14:38:13 EDT" finished-at="2020-08-28T14:38:13 EDT">
      <class name="com.syntax.class19.TestNGDelete">
        <test-method status="PASS" signature="hello()[pri:0, instance:com.syntax.class19.TestNGDelete@1efed156]" name="hello" duration-ms="6" started-at="2020-08-28T14:38:13 EDT" finished-at="2020-08-28T14:38:13 EDT">
          <reporter-output>
          </reporter-output>
        </test-method> <!-- hello -->
      </class> <!-- com.syntax.class19.TestNGDelete -->
    </test> <!-- Default test -->
  </suite> <!-- Default suite -->
</testng-results>
